#! /c/Source/iverilog-install/bin/vvp
:ivl_version "12.0 (devel)" "(s20150603-1539-g2693dd32b)";
:ivl_delay_selection "TYPICAL";
:vpi_time_precision + 0;
:vpi_module "C:\iverilog\lib\ivl\system.vpi";
:vpi_module "C:\iverilog\lib\ivl\vhdl_sys.vpi";
:vpi_module "C:\iverilog\lib\ivl\vhdl_textio.vpi";
:vpi_module "C:\iverilog\lib\ivl\v2005_math.vpi";
:vpi_module "C:\iverilog\lib\ivl\va_math.vpi";
S_0000020e2900e9e0 .scope module, "uart_rx" "uart_rx" 2 6;
 .timescale 0 0;
    .port_info 0 /INPUT 1 "clk";
    .port_info 1 /INPUT 1 "reset";
    .port_info 2 /INPUT 1 "rxd";
    .port_info 3 /INPUT 8 "data_out";
    .port_info 4 /OUTPUT 1 "rx_done";
    .port_info 5 /OUTPUT 1 "tick";
L_0000020e2900c320 .functor BUFZ 8, v0000020e29070530_0, C4<00000000>, C4<00000000>, C4<00000000>;
L_0000020e29070908 .functor BUFT 1, C4<00000000>, C4<0>, C4<0>, C4<0>;
v0000020e29008920_0 .net/2u *"_ivl_10", 7 0, L_0000020e29070908;  1 drivers
L_0000020e29070950 .functor BUFT 1, C4<00000001>, C4<0>, C4<0>, C4<0>;
v0000020e29008b10_0 .net/2u *"_ivl_12", 7 0, L_0000020e29070950;  1 drivers
v0000020e2900eb70_0 .net *"_ivl_14", 7 0, L_0000020e290ca6e0;  1 drivers
v0000020e2900ec10_0 .net *"_ivl_18", 31 0, L_0000020e290c99c0;  1 drivers
v0000020e2906f9f0_0 .net *"_ivl_2", 31 0, L_0000020e29070670;  1 drivers
L_0000020e29070998 .functor BUFT 1, C4<000000000000000000000000>, C4<0>, C4<0>, C4<0>;
v0000020e2906fc70_0 .net *"_ivl_21", 23 0, L_0000020e29070998;  1 drivers
L_0000020e290709e0 .functor BUFT 1, C4<00000000000000000000000011001000>, C4<0>, C4<0>, C4<0>;
v0000020e2906fef0_0 .net/2u *"_ivl_22", 31 0, L_0000020e290709e0;  1 drivers
v0000020e2906fa90_0 .net *"_ivl_24", 0 0, L_0000020e290c9d80;  1 drivers
L_0000020e29070a28 .functor BUFT 1, C4<01>, C4<0>, C4<0>, C4<0>;
v0000020e29070710_0 .net/2s *"_ivl_26", 1 0, L_0000020e29070a28;  1 drivers
L_0000020e29070a70 .functor BUFT 1, C4<00>, C4<0>, C4<0>, C4<0>;
v0000020e29070030_0 .net/2s *"_ivl_28", 1 0, L_0000020e29070a70;  1 drivers
v0000020e2906f8b0_0 .net *"_ivl_30", 1 0, L_0000020e290c8c00;  1 drivers
L_0000020e29070878 .functor BUFT 1, C4<000000000000000000000000>, C4<0>, C4<0>, C4<0>;
v0000020e2906f950_0 .net *"_ivl_5", 23 0, L_0000020e29070878;  1 drivers
L_0000020e290708c0 .functor BUFT 1, C4<00000000000000000000000011001000>, C4<0>, C4<0>, C4<0>;
v0000020e2906fdb0_0 .net/2u *"_ivl_6", 31 0, L_0000020e290708c0;  1 drivers
v0000020e2906fbd0_0 .net *"_ivl_8", 0 0, L_0000020e290ca460;  1 drivers
o0000020e2901e278 .functor BUFZ 1, C4<z>; HiZ drive
v0000020e2906fd10_0 .net "clk", 0 0, o0000020e2901e278;  0 drivers
v0000020e2906ff90_0 .var "count_next", 0 2;
v0000020e29070490_0 .var "count_reg", 0 2;
v0000020e29070170_0 .net "data_out", 7 0, L_0000020e2900c320;  1 drivers
v0000020e2906fe50_0 .var "ns", 2 0;
v0000020e290700d0_0 .var "ps", 2 0;
v0000020e29070210_0 .var "q", 7 0;
v0000020e290702b0_0 .net "q_next", 7 0, L_0000020e290c88e0;  1 drivers
o0000020e2901e3f8 .functor BUFZ 1, C4<z>; HiZ drive
v0000020e290707b0_0 .net "reset", 0 0, o0000020e2901e3f8;  0 drivers
v0000020e2906fb30_0 .var "rx_done", 0 0;
o0000020e2901e458 .functor BUFZ 1, C4<z>; HiZ drive
v0000020e29070350_0 .net "rxd", 0 0, o0000020e2901e458;  0 drivers
v0000020e290703f0_0 .var "sbuf_next", 7 0;
v0000020e29070530_0 .var "sbuf_reg", 7 0;
v0000020e290705d0_0 .net "tick", 0 0, L_0000020e290ca000;  1 drivers
E_0000020e28ea9d90 .event posedge, v0000020e2906fd10_0;
E_0000020e28ea9dd0/0 .event anyedge, v0000020e290700d0_0, v0000020e29070530_0, v0000020e29070490_0, v0000020e29070350_0;
E_0000020e28ea9dd0/1 .event anyedge, v0000020e290705d0_0;
E_0000020e28ea9dd0 .event/or E_0000020e28ea9dd0/0, E_0000020e28ea9dd0/1;
L_0000020e29070670 .concat [ 8 24 0 0], v0000020e29070210_0, L_0000020e29070878;
L_0000020e290ca460 .cmp/eq 32, L_0000020e29070670, L_0000020e290708c0;
L_0000020e290ca6e0 .arith/sum 8, v0000020e29070210_0, L_0000020e29070950;
L_0000020e290c88e0 .functor MUXZ 8, L_0000020e290ca6e0, L_0000020e29070908, L_0000020e290ca460, C4<>;
L_0000020e290c99c0 .concat [ 8 24 0 0], v0000020e29070210_0, L_0000020e29070998;
L_0000020e290c9d80 .cmp/eq 32, L_0000020e290c99c0, L_0000020e290709e0;
L_0000020e290c8c00 .functor MUXZ 2, L_0000020e29070a70, L_0000020e29070a28, L_0000020e290c9d80, C4<>;
L_0000020e290ca000 .part L_0000020e290c8c00, 0, 1;
    .scope S_0000020e2900e9e0;
T_0 ;
    %wait E_0000020e28ea9d90;
    %load/vec4 v0000020e290707b0_0;
    %flag_set/vec4 8;
    %jmp/0xz  T_0.0, 8;
    %pushi/vec4 0, 0, 3;
    %store/vec4 v0000020e290700d0_0, 0, 3;
    %pushi/vec4 0, 0, 8;
    %store/vec4 v0000020e29070530_0, 0, 8;
    %pushi/vec4 0, 0, 3;
    %store/vec4 v0000020e29070490_0, 0, 3;
    %jmp T_0.1;
T_0.0 ;
    %load/vec4 v0000020e2906fe50_0;
    %store/vec4 v0000020e290700d0_0, 0, 3;
    %load/vec4 v0000020e290703f0_0;
    %store/vec4 v0000020e29070530_0, 0, 8;
    %load/vec4 v0000020e2906ff90_0;
    %store/vec4 v0000020e29070490_0, 0, 3;
T_0.1 ;
    %jmp T_0;
    .thread T_0;
    .scope S_0000020e2900e9e0;
T_1 ;
    %wait E_0000020e28ea9dd0;
    %load/vec4 v0000020e290700d0_0;
    %store/vec4 v0000020e2906fe50_0, 0, 3;
    %load/vec4 v0000020e29070530_0;
    %store/vec4 v0000020e290703f0_0, 0, 8;
    %load/vec4 v0000020e29070490_0;
    %store/vec4 v0000020e2906ff90_0, 0, 3;
    %load/vec4 v0000020e290700d0_0;
    %dup/vec4;
    %pushi/vec4 0, 0, 3;
    %cmp/u;
    %jmp/1 T_1.0, 6;
    %dup/vec4;
    %pushi/vec4 1, 0, 3;
    %cmp/u;
    %jmp/1 T_1.1, 6;
    %dup/vec4;
    %pushi/vec4 2, 0, 3;
    %cmp/u;
    %jmp/1 T_1.2, 6;
    %dup/vec4;
    %pushi/vec4 3, 0, 3;
    %cmp/u;
    %jmp/1 T_1.3, 6;
    %pushi/vec4 0, 0, 3;
    %store/vec4 v0000020e2906fe50_0, 0, 3;
    %jmp T_1.5;
T_1.0 ;
    %vpi_call 2 53 "$display", $time, "---idle state---" {0 0 0};
    %load/vec4 v0000020e29070350_0;
    %pad/u 32;
    %cmpi/e 0, 0, 32;
    %jmp/0xz  T_1.6, 4;
    %pushi/vec4 1, 0, 3;
    %store/vec4 v0000020e2906fe50_0, 0, 3;
    %vpi_call 2 57 "$display", $time, "---idle state to start---" {0 0 0};
T_1.6 ;
    %jmp T_1.5;
T_1.1 ;
    %vpi_call 2 63 "$display", $time, "---start state---" {0 0 0};
    %load/vec4 v0000020e290705d0_0;
    %flag_set/vec4 8;
    %jmp/0xz  T_1.8, 8;
    %pushi/vec4 2, 0, 3;
    %store/vec4 v0000020e2906fe50_0, 0, 3;
    %vpi_call 2 67 "$display", $time, "---start to trans---" {0 0 0};
    %pushi/vec4 0, 0, 3;
    %store/vec4 v0000020e2906ff90_0, 0, 3;
T_1.8 ;
    %jmp T_1.5;
T_1.2 ;
    %vpi_call 2 74 "$display", $time, "---trans state---" {0 0 0};
    %load/vec4 v0000020e290705d0_0;
    %flag_set/vec4 8;
    %jmp/0xz  T_1.10, 8;
    %load/vec4 v0000020e29070350_0;
    %load/vec4 v0000020e29070530_0;
    %parti/s 7, 1, 2;
    %concat/vec4; draw_concat_vec4
    %store/vec4 v0000020e290703f0_0, 0, 8;
    %load/vec4 v0000020e29070490_0;
    %pad/u 32;
    %cmpi/e 7, 0, 32;
    %jmp/0xz  T_1.12, 4;
    %pushi/vec4 3, 0, 3;
    %store/vec4 v0000020e2906fe50_0, 0, 3;
    %vpi_call 2 81 "$display", $time, "-- trans to stop---" {0 0 0};
    %jmp T_1.13;
T_1.12 ;
    %load/vec4 v0000020e29070490_0;
    %addi 1, 0, 3;
    %store/vec4 v0000020e2906ff90_0, 0, 3;
T_1.13 ;
T_1.10 ;
    %jmp T_1.5;
T_1.3 ;
    %vpi_call 2 91 "$display", $time, "---stop state---" {0 0 0};
    %load/vec4 v0000020e290705d0_0;
    %flag_set/vec4 8;
    %jmp/0xz  T_1.14, 8;
    %pushi/vec4 0, 0, 3;
    %store/vec4 v0000020e2906fe50_0, 0, 3;
    %vpi_call 2 96 "$display", $time, "---stop to idle state---" {0 0 0};
    %pushi/vec4 1, 0, 1;
    %store/vec4 v0000020e2906fb30_0, 0, 1;
T_1.14 ;
    %jmp T_1.5;
T_1.5 ;
    %pop/vec4 1;
    %jmp T_1;
    .thread T_1, $push;
    .scope S_0000020e2900e9e0;
T_2 ;
    %wait E_0000020e28ea9d90;
    %load/vec4 v0000020e290707b0_0;
    %flag_set/vec4 8;
    %jmp/0xz  T_2.0, 8;
    %pushi/vec4 0, 0, 8;
    %store/vec4 v0000020e29070210_0, 0, 8;
    %jmp T_2.1;
T_2.0 ;
    %load/vec4 v0000020e290702b0_0;
    %store/vec4 v0000020e29070210_0, 0, 8;
T_2.1 ;
    %jmp T_2;
    .thread T_2;
# The file index is used to find the file name in the following table.
:file_names 3;
    "N/A";
    "<interactive>";
    "reciever.v";
