#! /c/Source/iverilog-install/bin/vvp
:ivl_version "12.0 (devel)" "(s20150603-1539-g2693dd32b)";
:ivl_delay_selection "TYPICAL";
:vpi_time_precision + 0;
:vpi_module "C:\iverilog\lib\ivl\system.vpi";
:vpi_module "C:\iverilog\lib\ivl\vhdl_sys.vpi";
:vpi_module "C:\iverilog\lib\ivl\vhdl_textio.vpi";
:vpi_module "C:\iverilog\lib\ivl\v2005_math.vpi";
:vpi_module "C:\iverilog\lib\ivl\va_math.vpi";
S_00000226526ab6c0 .scope module, "uart_tx" "uart_tx" 2 6;
 .timescale 0 0;
    .port_info 0 /INPUT 1 "clk";
    .port_info 1 /INPUT 1 "reset";
    .port_info 2 /INPUT 1 "tx_start";
    .port_info 3 /INPUT 8 "data_in";
    .port_info 4 /OUTPUT 1 "txd";
    .port_info 5 /OUTPUT 1 "tx_done";
L_00000226526aca20 .functor BUFZ 1, v0000022652713770_0, C4<0>, C4<0>, C4<0>;
L_0000022652716508 .functor BUFT 1, C4<0000000000>, C4<0>, C4<0>, C4<0>;
v000002265248bd50_0 .net/2u *"_ivl_10", 9 0, L_0000022652716508;  1 drivers
L_0000022652716550 .functor BUFT 1, C4<0000000001>, C4<0>, C4<0>, C4<0>;
v00000226526ab850_0 .net/2u *"_ivl_12", 9 0, L_0000022652716550;  1 drivers
v00000226526ab8f0_0 .net *"_ivl_14", 9 0, L_00000226527154f0;  1 drivers
v0000022652486960_0 .net *"_ivl_18", 31 0, L_0000022652715a90;  1 drivers
v00000226527139f0_0 .net *"_ivl_2", 31 0, L_0000022652714e10;  1 drivers
L_0000022652716598 .functor BUFT 1, C4<0000000000000000000000>, C4<0>, C4<0>, C4<0>;
v00000226527138b0_0 .net *"_ivl_21", 21 0, L_0000022652716598;  1 drivers
L_00000226527165e0 .functor BUFT 1, C4<00000000000000000000000111110100>, C4<0>, C4<0>, C4<0>;
v00000226527134f0_0 .net/2u *"_ivl_22", 31 0, L_00000226527165e0;  1 drivers
v0000022652713db0_0 .net *"_ivl_24", 0 0, L_0000022652715d10;  1 drivers
L_0000022652716628 .functor BUFT 1, C4<01>, C4<0>, C4<0>, C4<0>;
v0000022652713310_0 .net/2s *"_ivl_26", 1 0, L_0000022652716628;  1 drivers
L_0000022652716670 .functor BUFT 1, C4<00>, C4<0>, C4<0>, C4<0>;
v0000022652713e50_0 .net/2s *"_ivl_28", 1 0, L_0000022652716670;  1 drivers
v0000022652713c70_0 .net *"_ivl_30", 1 0, L_0000022652714690;  1 drivers
L_0000022652716478 .functor BUFT 1, C4<0000000000000000000000>, C4<0>, C4<0>, C4<0>;
v0000022652713a90_0 .net *"_ivl_5", 21 0, L_0000022652716478;  1 drivers
L_00000226527164c0 .functor BUFT 1, C4<00000000000000000000000111110100>, C4<0>, C4<0>, C4<0>;
v0000022652713ef0_0 .net/2u *"_ivl_6", 31 0, L_00000226527164c0;  1 drivers
v0000022652713f90_0 .net *"_ivl_8", 0 0, L_00000226527151d0;  1 drivers
o00000226526c0238 .functor BUFZ 1, C4<z>; HiZ drive
v0000022652713810_0 .net "clk", 0 0, o00000226526c0238;  0 drivers
v0000022652713270_0 .var "count_next", 0 2;
v0000022652713090_0 .var "count_reg", 0 2;
o00000226526c02c8 .functor BUFZ 8, C4<zzzzzzzz>; HiZ drive
v0000022652713950_0 .net "data_in", 7 0, o00000226526c02c8;  0 drivers
v0000022652713b30_0 .var "ns", 2 0;
v0000022652713bd0_0 .var "ps", 2 0;
v0000022652713d10_0 .var "q", 9 0;
v0000022652713130_0 .net "q_next", 9 0, L_0000022652714af0;  1 drivers
o00000226526c03b8 .functor BUFZ 1, C4<z>; HiZ drive
v00000226527131d0_0 .net "reset", 0 0, o00000226526c03b8;  0 drivers
v00000226527133b0_0 .var "sbuf_next", 7 0;
v0000022652713590_0 .var "sbuf_reg", 7 0;
v0000022652713450_0 .net "tick", 0 0, L_0000022652715450;  1 drivers
v0000022652713630_0 .var "tx_done", 0 0;
v00000226527136d0_0 .var "tx_next", 0 0;
v0000022652713770_0 .var "tx_reg", 0 0;
o00000226526c0508 .functor BUFZ 1, C4<z>; HiZ drive
v0000022652715590_0 .net "tx_start", 0 0, o00000226526c0508;  0 drivers
v0000022652715630_0 .net "txd", 0 0, L_00000226526aca20;  1 drivers
E_00000226526aa9c0 .event posedge, v0000022652713810_0;
E_00000226526aac40/0 .event anyedge, v0000022652713bd0_0, v0000022652713590_0, v0000022652713090_0, v0000022652713770_0;
E_00000226526aac40/1 .event anyedge, v0000022652715590_0, v0000022652713450_0, v0000022652713950_0;
E_00000226526aac40 .event/or E_00000226526aac40/0, E_00000226526aac40/1;
L_0000022652714e10 .concat [ 10 22 0 0], v0000022652713d10_0, L_0000022652716478;
L_00000226527151d0 .cmp/eq 32, L_0000022652714e10, L_00000226527164c0;
L_00000226527154f0 .arith/sum 10, v0000022652713d10_0, L_0000022652716550;
L_0000022652714af0 .functor MUXZ 10, L_00000226527154f0, L_0000022652716508, L_00000226527151d0, C4<>;
L_0000022652715a90 .concat [ 10 22 0 0], v0000022652713d10_0, L_0000022652716598;
L_0000022652715d10 .cmp/eq 32, L_0000022652715a90, L_00000226527165e0;
L_0000022652714690 .functor MUXZ 2, L_0000022652716670, L_0000022652716628, L_0000022652715d10, C4<>;
L_0000022652715450 .part L_0000022652714690, 0, 1;
    .scope S_00000226526ab6c0;
T_0 ;
    %wait E_00000226526aa9c0;
    %load/vec4 v00000226527131d0_0;
    %flag_set/vec4 8;
    %jmp/0xz  T_0.0, 8;
    %pushi/vec4 0, 0, 3;
    %store/vec4 v0000022652713bd0_0, 0, 3;
    %pushi/vec4 0, 0, 8;
    %store/vec4 v0000022652713590_0, 0, 8;
    %pushi/vec4 0, 0, 3;
    %store/vec4 v0000022652713090_0, 0, 3;
    %pushi/vec4 0, 0, 1;
    %store/vec4 v0000022652713770_0, 0, 1;
    %jmp T_0.1;
T_0.0 ;
    %load/vec4 v0000022652713b30_0;
    %store/vec4 v0000022652713bd0_0, 0, 3;
    %load/vec4 v00000226527133b0_0;
    %store/vec4 v0000022652713590_0, 0, 8;
    %load/vec4 v0000022652713270_0;
    %store/vec4 v0000022652713090_0, 0, 3;
    %load/vec4 v00000226527136d0_0;
    %store/vec4 v0000022652713770_0, 0, 1;
T_0.1 ;
    %jmp T_0;
    .thread T_0;
    .scope S_00000226526ab6c0;
T_1 ;
    %wait E_00000226526aac40;
    %load/vec4 v0000022652713bd0_0;
    %store/vec4 v0000022652713b30_0, 0, 3;
    %load/vec4 v0000022652713590_0;
    %store/vec4 v00000226527133b0_0, 0, 8;
    %load/vec4 v0000022652713090_0;
    %store/vec4 v0000022652713270_0, 0, 3;
    %load/vec4 v0000022652713770_0;
    %store/vec4 v00000226527136d0_0, 0, 1;
    %load/vec4 v0000022652713bd0_0;
    %dup/vec4;
    %pushi/vec4 0, 0, 3;
    %cmp/u;
    %jmp/1 T_1.0, 6;
    %dup/vec4;
    %pushi/vec4 1, 0, 3;
    %cmp/u;
    %jmp/1 T_1.1, 6;
    %dup/vec4;
    %pushi/vec4 2, 0, 3;
    %cmp/u;
    %jmp/1 T_1.2, 6;
    %dup/vec4;
    %pushi/vec4 3, 0, 3;
    %cmp/u;
    %jmp/1 T_1.3, 6;
    %pushi/vec4 0, 0, 3;
    %store/vec4 v0000022652713b30_0, 0, 3;
    %jmp T_1.5;
T_1.0 ;
    %vpi_call 2 55 "$display", $time, "---idle state---" {0 0 0};
    %pushi/vec4 1, 0, 1;
    %store/vec4 v00000226527136d0_0, 0, 1;
    %pushi/vec4 0, 0, 1;
    %store/vec4 v0000022652713630_0, 0, 1;
    %load/vec4 v0000022652715590_0;
    %pad/u 32;
    %cmpi/e 1, 0, 32;
    %jmp/0xz  T_1.6, 4;
    %pushi/vec4 1, 0, 3;
    %store/vec4 v0000022652713b30_0, 0, 3;
    %vpi_call 2 61 "$display", $time, "---idle state to start---" {0 0 0};
T_1.6 ;
    %jmp T_1.5;
T_1.1 ;
    %vpi_call 2 67 "$display", $time, "---start state---" {0 0 0};
    %pushi/vec4 0, 0, 1;
    %store/vec4 v00000226527136d0_0, 0, 1;
    %load/vec4 v0000022652713450_0;
    %flag_set/vec4 8;
    %jmp/0xz  T_1.8, 8;
    %load/vec4 v0000022652713950_0;
    %store/vec4 v00000226527133b0_0, 0, 8;
    %pushi/vec4 0, 0, 3;
    %store/vec4 v0000022652713270_0, 0, 3;
    %pushi/vec4 2, 0, 3;
    %store/vec4 v0000022652713b30_0, 0, 3;
    %vpi_call 2 75 "$display", $time, "---start to trans---" {0 0 0};
T_1.8 ;
    %jmp T_1.5;
T_1.2 ;
    %vpi_call 2 81 "$display", $time, "---trans state---" {0 0 0};
    %load/vec4 v0000022652713590_0;
    %parti/s 1, 0, 2;
    %store/vec4 v00000226527136d0_0, 0, 1;
    %load/vec4 v0000022652713450_0;
    %flag_set/vec4 8;
    %jmp/0xz  T_1.10, 8;
    %load/vec4 v0000022652713590_0;
    %ix/load 4, 1, 0;
    %flag_set/imm 4, 0;
    %shiftr 4;
    %store/vec4 v00000226527133b0_0, 0, 8;
    %load/vec4 v0000022652713090_0;
    %pad/u 32;
    %cmpi/e 7, 0, 32;
    %jmp/0xz  T_1.12, 4;
    %pushi/vec4 3, 0, 3;
    %store/vec4 v0000022652713b30_0, 0, 3;
    %vpi_call 2 90 "$display", $time, "-- trans to stop---" {0 0 0};
    %jmp T_1.13;
T_1.12 ;
    %load/vec4 v0000022652713090_0;
    %addi 1, 0, 3;
    %store/vec4 v0000022652713270_0, 0, 3;
T_1.13 ;
T_1.10 ;
    %jmp T_1.5;
T_1.3 ;
    %vpi_call 2 100 "$display", $time, "---start state---" {0 0 0};
    %pushi/vec4 1, 0, 1;
    %store/vec4 v00000226527136d0_0, 0, 1;
    %load/vec4 v0000022652713450_0;
    %flag_set/vec4 8;
    %jmp/0xz  T_1.14, 8;
    %pushi/vec4 1, 0, 1;
    %store/vec4 v0000022652713630_0, 0, 1;
    %pushi/vec4 0, 0, 3;
    %store/vec4 v0000022652713b30_0, 0, 3;
T_1.14 ;
    %jmp T_1.5;
T_1.5 ;
    %pop/vec4 1;
    %jmp T_1;
    .thread T_1, $push;
    .scope S_00000226526ab6c0;
T_2 ;
    %wait E_00000226526aa9c0;
    %load/vec4 v00000226527131d0_0;
    %flag_set/vec4 8;
    %jmp/0xz  T_2.0, 8;
    %pushi/vec4 0, 0, 10;
    %store/vec4 v0000022652713d10_0, 0, 10;
    %jmp T_2.1;
T_2.0 ;
    %load/vec4 v0000022652713130_0;
    %store/vec4 v0000022652713d10_0, 0, 10;
T_2.1 ;
    %jmp T_2;
    .thread T_2;
# The file index is used to find the file name in the following table.
:file_names 3;
    "N/A";
    "<interactive>";
    "reciever.v";
